{"total": {"lines":{"total":163,"covered":97,"skipped":0,"pct":59.5},"statements":{"total":169,"covered":100,"skipped":0,"pct":59.17},"functions":{"total":21,"covered":12,"skipped":0,"pct":57.14},"branches":{"total":39,"covered":21,"skipped":0,"pct":53.84},"branchesTrue":{"total":0,"covered":0,"skipped":0,"pct":"Unknown"}}
,"C:\\Users\\kiirt\\Documents\\GitHub\\Task_Manager_DevOPS_P05_Kiirthanah\\public\\js\\addTasks.js": {"lines":{"total":12,"covered":12,"skipped":0,"pct":100},"functions":{"total":1,"covered":1,"skipped":0,"pct":100},"statements":{"total":13,"covered":13,"skipped":0,"pct":100},"branches":{"total":0,"covered":0,"skipped":0,"pct":100}}
,"C:\\Users\\kiirt\\Documents\\GitHub\\Task_Manager_DevOPS_P05_Kiirthanah\\public\\js\\category.js": {"lines":{"total":37,"covered":0,"skipped":0,"pct":0},"functions":{"total":4,"covered":0,"skipped":0,"pct":0},"statements":{"total":39,"covered":0,"skipped":0,"pct":0},"branches":{"total":8,"covered":0,"skipped":0,"pct":0}}
,"C:\\Users\\kiirt\\Documents\\GitHub\\Task_Manager_DevOPS_P05_Kiirthanah\\public\\js\\editTasks.js": {"lines":{"total":83,"covered":57,"skipped":0,"pct":68.67},"functions":{"total":10,"covered":6,"skipped":0,"pct":60},"statements":{"total":84,"covered":58,"skipped":0,"pct":69.04},"branches":{"total":24,"covered":17,"skipped":0,"pct":70.83}}
,"C:\\Users\\kiirt\\Documents\\GitHub\\Task_Manager_DevOPS_P05_Kiirthanah\\public\\js\\viewTasks.js": {"lines":{"total":31,"covered":28,"skipped":0,"pct":90.32},"functions":{"total":6,"covered":5,"skipped":0,"pct":83.33},"statements":{"total":33,"covered":29,"skipped":0,"pct":87.87},"branches":{"total":7,"covered":4,"skipped":0,"pct":57.14}}
}
