{"C:\\Users\\kiirt\\Documents\\GitHub\\Task_Manager_DevOPS_P05_Kiirthanah\\public\\js\\addTasks.js": {"path":"C:\\Users\\kiirt\\Documents\\GitHub\\Task_Manager_DevOPS_P05_Kiirthanah\\public\\js\\addTasks.js","statementMap":{"0":{"start":{"line":1,"column":0},"end":{"line":1,"column":34}},"1":{"start":{"line":5,"column":4},"end":{"line":5,"column":41}},"2":{"start":{"line":6,"column":4},"end":{"line":22,"column":5}},"3":{"start":{"line":8,"column":25},"end":{"line":8,"column":55}},"4":{"start":{"line":9,"column":27},"end":{"line":9,"column":48}},"5":{"start":{"line":11,"column":25},"end":{"line":11,"column":68}},"6":{"start":{"line":14,"column":8},"end":{"line":19,"column":9}},"7":{"start":{"line":14,"column":21},"end":{"line":14,"column":22}},"8":{"start":{"line":15,"column":27},"end":{"line":15,"column":59}},"9":{"start":{"line":16,"column":12},"end":{"line":16,"column":46}},"10":{"start":{"line":17,"column":12},"end":{"line":17,"column":52}},"11":{"start":{"line":18,"column":12},"end":{"line":18,"column":41}},"12":{"start":{"line":21,"column":8},"end":{"line":21,"column":58}}},"fnMap":{"0":{"name":"loadCategories","decl":{"start":{"line":4,"column":15},"end":{"line":4,"column":29}},"loc":{"start":{"line":4,"column":32},"end":{"line":23,"column":1}},"line":4}},"branchMap":{},"s":{"0":6,"1":6,"2":6,"3":6,"4":5,"5":5,"6":5,"7":5,"8":15,"9":15,"10":15,"11":15,"12":1},"f":{"0":6},"b":{},"_coverageSchema":"1a1c01bbd47fc00a2c39e90264f33305004495a9","hash":"ffc585fefae6f44163d3a967c0d3c0a313fa4d2f"}
,"C:\\Users\\kiirt\\Documents\\GitHub\\Task_Manager_DevOPS_P05_Kiirthanah\\public\\js\\category.js": {"path":"C:\\Users\\kiirt\\Documents\\GitHub\\Task_Manager_DevOPS_P05_Kiirthanah\\public\\js\\category.js","statementMap":{"0":{"start":{"line":2,"column":19},"end":{"line":2,"column":21}},"1":{"start":{"line":3,"column":19},"end":{"line":3,"column":31}},"2":{"start":{"line":4,"column":4},"end":{"line":4,"column":66}},"3":{"start":{"line":5,"column":18},"end":{"line":5,"column":38}},"4":{"start":{"line":6,"column":4},"end":{"line":6,"column":48}},"5":{"start":{"line":7,"column":4},"end":{"line":7,"column":65}},"6":{"start":{"line":8,"column":4},"end":{"line":29,"column":6}},"7":{"start":{"line":9,"column":8},"end":{"line":9,"column":52}},"8":{"start":{"line":10,"column":8},"end":{"line":10,"column":29}},"9":{"start":{"line":11,"column":8},"end":{"line":28,"column":9}},"10":{"start":{"line":12,"column":12},"end":{"line":12,"column":108}},"11":{"start":{"line":13,"column":12},"end":{"line":13,"column":93}},"12":{"start":{"line":14,"column":12},"end":{"line":14,"column":63}},"13":{"start":{"line":15,"column":12},"end":{"line":15,"column":48}},"14":{"start":{"line":16,"column":15},"end":{"line":28,"column":9}},"15":{"start":{"line":17,"column":12},"end":{"line":17,"column":101}},"16":{"start":{"line":18,"column":12},"end":{"line":18,"column":92}},"17":{"start":{"line":19,"column":15},"end":{"line":28,"column":9}},"18":{"start":{"line":20,"column":12},"end":{"line":20,"column":94}},"19":{"start":{"line":21,"column":12},"end":{"line":21,"column":92}},"20":{"start":{"line":22,"column":15},"end":{"line":28,"column":9}},"21":{"start":{"line":23,"column":12},"end":{"line":23,"column":97}},"22":{"start":{"line":24,"column":12},"end":{"line":24,"column":92}},"23":{"start":{"line":26,"column":12},"end":{"line":26,"column":93}},"24":{"start":{"line":26,"column":94},"end":{"line":26,"column":165}},"25":{"start":{"line":27,"column":12},"end":{"line":27,"column":92}},"26":{"start":{"line":30,"column":4},"end":{"line":30,"column":43}},"27":{"start":{"line":34,"column":19},"end":{"line":34,"column":21}},"28":{"start":{"line":35,"column":18},"end":{"line":35,"column":38}},"29":{"start":{"line":37,"column":4},"end":{"line":37,"column":50}},"30":{"start":{"line":38,"column":4},"end":{"line":38,"column":65}},"31":{"start":{"line":40,"column":4},"end":{"line":51,"column":6}},"32":{"start":{"line":41,"column":8},"end":{"line":41,"column":52}},"33":{"start":{"line":42,"column":19},"end":{"line":42,"column":21}},"34":{"start":{"line":43,"column":8},"end":{"line":48,"column":9}},"35":{"start":{"line":43,"column":21},"end":{"line":43,"column":22}},"36":{"start":{"line":45,"column":12},"end":{"line":47,"column":19}},"37":{"start":{"line":50,"column":8},"end":{"line":50,"column":68}},"38":{"start":{"line":53,"column":4},"end":{"line":53,"column":19}}},"fnMap":{"0":{"name":"addCategory","decl":{"start":{"line":1,"column":9},"end":{"line":1,"column":20}},"loc":{"start":{"line":1,"column":23},"end":{"line":31,"column":1}},"line":1},"1":{"name":"(anonymous_1)","decl":{"start":{"line":8,"column":21},"end":{"line":8,"column":22}},"loc":{"start":{"line":8,"column":33},"end":{"line":29,"column":5}},"line":8},"2":{"name":"viewCategories","decl":{"start":{"line":33,"column":9},"end":{"line":33,"column":23}},"loc":{"start":{"line":33,"column":26},"end":{"line":54,"column":1}},"line":33},"3":{"name":"(anonymous_3)","decl":{"start":{"line":40,"column":21},"end":{"line":40,"column":22}},"loc":{"start":{"line":40,"column":33},"end":{"line":51,"column":5}},"line":40}},"branchMap":{"0":{"loc":{"start":{"line":11,"column":8},"end":{"line":28,"column":9}},"type":"if","locations":[{"start":{"line":11,"column":8},"end":{"line":28,"column":9}},{"start":{"line":16,"column":15},"end":{"line":28,"column":9}}],"line":11},"1":{"loc":{"start":{"line":16,"column":15},"end":{"line":28,"column":9}},"type":"if","locations":[{"start":{"line":16,"column":15},"end":{"line":28,"column":9}},{"start":{"line":19,"column":15},"end":{"line":28,"column":9}}],"line":16},"2":{"loc":{"start":{"line":19,"column":15},"end":{"line":28,"column":9}},"type":"if","locations":[{"start":{"line":19,"column":15},"end":{"line":28,"column":9}},{"start":{"line":22,"column":15},"end":{"line":28,"column":9}}],"line":19},"3":{"loc":{"start":{"line":22,"column":15},"end":{"line":28,"column":9}},"type":"if","locations":[{"start":{"line":22,"column":15},"end":{"line":28,"column":9}},{"start":{"line":25,"column":14},"end":{"line":28,"column":9}}],"line":22}},"s":{"0":0,"1":0,"2":0,"3":0,"4":0,"5":0,"6":0,"7":0,"8":0,"9":0,"10":0,"11":0,"12":0,"13":0,"14":0,"15":0,"16":0,"17":0,"18":0,"19":0,"20":0,"21":0,"22":0,"23":0,"24":0,"25":0,"26":0,"27":0,"28":0,"29":0,"30":0,"31":0,"32":0,"33":0,"34":0,"35":0,"36":0,"37":0,"38":0},"f":{"0":0,"1":0,"2":0,"3":0},"b":{"0":[0,0],"1":[0,0],"2":[0,0],"3":[0,0]},"_coverageSchema":"1a1c01bbd47fc00a2c39e90264f33305004495a9","hash":"dcad6d17998b9edcd85e222d39ece4c24af20556"}
,"C:\\Users\\kiirt\\Documents\\GitHub\\Task_Manager_DevOPS_P05_Kiirthanah\\public\\js\\editTasks.js": {"path":"C:\\Users\\kiirt\\Documents\\GitHub\\Task_Manager_DevOPS_P05_Kiirthanah\\public\\js\\editTasks.js","statementMap":{"0":{"start":{"line":1,"column":0},"end":{"line":1,"column":35}},"1":{"start":{"line":5,"column":4},"end":{"line":5,"column":41}},"2":{"start":{"line":6,"column":4},"end":{"line":23,"column":5}},"3":{"start":{"line":8,"column":25},"end":{"line":8,"column":55}},"4":{"start":{"line":9,"column":27},"end":{"line":9,"column":48}},"5":{"start":{"line":11,"column":25},"end":{"line":11,"column":72}},"6":{"start":{"line":15,"column":8},"end":{"line":20,"column":9}},"7":{"start":{"line":15,"column":21},"end":{"line":15,"column":22}},"8":{"start":{"line":16,"column":27},"end":{"line":16,"column":59}},"9":{"start":{"line":17,"column":12},"end":{"line":17,"column":46}},"10":{"start":{"line":18,"column":12},"end":{"line":18,"column":52}},"11":{"start":{"line":19,"column":12},"end":{"line":19,"column":41}},"12":{"start":{"line":22,"column":8},"end":{"line":22,"column":58}},"13":{"start":{"line":27,"column":17},"end":{"line":27,"column":19}},"14":{"start":{"line":30,"column":4},"end":{"line":32,"column":5}},"15":{"start":{"line":31,"column":8},"end":{"line":31,"column":67}},"16":{"start":{"line":35,"column":4},"end":{"line":37,"column":5}},"17":{"start":{"line":36,"column":8},"end":{"line":36,"column":64}},"18":{"start":{"line":40,"column":4},"end":{"line":42,"column":5}},"19":{"start":{"line":41,"column":8},"end":{"line":41,"column":59}},"20":{"start":{"line":45,"column":4},"end":{"line":49,"column":5}},"21":{"start":{"line":46,"column":8},"end":{"line":46,"column":79}},"22":{"start":{"line":47,"column":8},"end":{"line":47,"column":84}},"23":{"start":{"line":48,"column":8},"end":{"line":48,"column":21}},"24":{"start":{"line":52,"column":4},"end":{"line":52,"column":58}},"25":{"start":{"line":53,"column":4},"end":{"line":53,"column":16}},"26":{"start":{"line":58,"column":22},"end":{"line":58,"column":38}},"27":{"start":{"line":59,"column":4},"end":{"line":59,"column":66}},"28":{"start":{"line":60,"column":4},"end":{"line":60,"column":65}},"29":{"start":{"line":61,"column":4},"end":{"line":61,"column":79}},"30":{"start":{"line":62,"column":4},"end":{"line":62,"column":80}},"31":{"start":{"line":63,"column":4},"end":{"line":63,"column":76}},"32":{"start":{"line":64,"column":4},"end":{"line":64,"column":72}},"33":{"start":{"line":65,"column":4},"end":{"line":65,"column":74}},"34":{"start":{"line":67,"column":4},"end":{"line":67,"column":105}},"35":{"start":{"line":69,"column":4},"end":{"line":69,"column":38}},"36":{"start":{"line":73,"column":4},"end":{"line":73,"column":20}},"37":{"start":{"line":75,"column":21},"end":{"line":82,"column":5}},"38":{"start":{"line":85,"column":4},"end":{"line":90,"column":5}},"39":{"start":{"line":87,"column":8},"end":{"line":87,"column":85}},"40":{"start":{"line":88,"column":8},"end":{"line":88,"column":84}},"41":{"start":{"line":89,"column":8},"end":{"line":89,"column":15}},"42":{"start":{"line":92,"column":24},"end":{"line":92,"column":62}},"43":{"start":{"line":93,"column":4},"end":{"line":95,"column":5}},"44":{"start":{"line":94,"column":8},"end":{"line":94,"column":15}},"45":{"start":{"line":97,"column":16},"end":{"line":97,"column":30}},"46":{"start":{"line":99,"column":20},"end":{"line":99,"column":40}},"47":{"start":{"line":100,"column":4},"end":{"line":100,"column":35}},"48":{"start":{"line":101,"column":4},"end":{"line":101,"column":65}},"49":{"start":{"line":103,"column":4},"end":{"line":121,"column":6}},"50":{"start":{"line":104,"column":8},"end":{"line":120,"column":9}},"51":{"start":{"line":105,"column":29},"end":{"line":105,"column":61}},"52":{"start":{"line":107,"column":12},"end":{"line":115,"column":13}},"53":{"start":{"line":108,"column":16},"end":{"line":108,"column":109}},"54":{"start":{"line":109,"column":16},"end":{"line":109,"column":93}},"55":{"start":{"line":110,"column":16},"end":{"line":110,"column":52}},"56":{"start":{"line":111,"column":16},"end":{"line":111,"column":40}},"57":{"start":{"line":113,"column":16},"end":{"line":113,"column":94}},"58":{"start":{"line":114,"column":16},"end":{"line":114,"column":92}},"59":{"start":{"line":117,"column":12},"end":{"line":117,"column":60}},"60":{"start":{"line":118,"column":12},"end":{"line":118,"column":90}},"61":{"start":{"line":119,"column":12},"end":{"line":119,"column":88}},"62":{"start":{"line":123,"column":4},"end":{"line":127,"column":6}},"63":{"start":{"line":124,"column":8},"end":{"line":124,"column":54}},"64":{"start":{"line":125,"column":8},"end":{"line":125,"column":76}},"65":{"start":{"line":126,"column":8},"end":{"line":126,"column":84}},"66":{"start":{"line":129,"column":4},"end":{"line":129,"column":43}},"67":{"start":{"line":136,"column":19},"end":{"line":136,"column":21}},"68":{"start":{"line":137,"column":18},"end":{"line":137,"column":81}},"69":{"start":{"line":140,"column":4},"end":{"line":154,"column":5}},"70":{"start":{"line":141,"column":22},"end":{"line":141,"column":42}},"71":{"start":{"line":142,"column":8},"end":{"line":142,"column":53}},"72":{"start":{"line":143,"column":8},"end":{"line":143,"column":69}},"73":{"start":{"line":144,"column":8},"end":{"line":152,"column":10}},"74":{"start":{"line":145,"column":8},"end":{"line":145,"column":52}},"75":{"start":{"line":146,"column":8},"end":{"line":151,"column":9}},"76":{"start":{"line":147,"column":12},"end":{"line":147,"column":48}},"77":{"start":{"line":148,"column":12},"end":{"line":148,"column":36}},"78":{"start":{"line":150,"column":12},"end":{"line":150,"column":44}},"79":{"start":{"line":153,"column":8},"end":{"line":153,"column":23}},"80":{"start":{"line":157,"column":4},"end":{"line":165,"column":7}},"81":{"start":{"line":159,"column":28},"end":{"line":159,"column":68}},"82":{"start":{"line":162,"column":8},"end":{"line":164,"column":11}},"83":{"start":{"line":163,"column":12},"end":{"line":163,"column":33}}},"fnMap":{"0":{"name":"EditLoadCategories","decl":{"start":{"line":4,"column":15},"end":{"line":4,"column":33}},"loc":{"start":{"line":4,"column":36},"end":{"line":24,"column":1}},"line":4},"1":{"name":"validateDateTime","decl":{"start":{"line":26,"column":9},"end":{"line":26,"column":25}},"loc":{"start":{"line":26,"column":72},"end":{"line":54,"column":1}},"line":26},"2":{"name":"editTask","decl":{"start":{"line":57,"column":9},"end":{"line":57,"column":17}},"loc":{"start":{"line":57,"column":23},"end":{"line":70,"column":1}},"line":57},"3":{"name":"updateTask","decl":{"start":{"line":72,"column":9},"end":{"line":72,"column":19}},"loc":{"start":{"line":72,"column":24},"end":{"line":130,"column":1}},"line":72},"4":{"name":"(anonymous_4)","decl":{"start":{"line":103,"column":21},"end":{"line":103,"column":22}},"loc":{"start":{"line":103,"column":32},"end":{"line":121,"column":5}},"line":103},"5":{"name":"(anonymous_5)","decl":{"start":{"line":123,"column":22},"end":{"line":123,"column":23}},"loc":{"start":{"line":123,"column":33},"end":{"line":127,"column":5}},"line":123},"6":{"name":"deleteTask","decl":{"start":{"line":135,"column":9},"end":{"line":135,"column":19}},"loc":{"start":{"line":135,"column":24},"end":{"line":155,"column":1}},"line":135},"7":{"name":"(anonymous_7)","decl":{"start":{"line":144,"column":25},"end":{"line":144,"column":26}},"loc":{"start":{"line":144,"column":37},"end":{"line":152,"column":9}},"line":144},"8":{"name":"(anonymous_8)","decl":{"start":{"line":157,"column":50},"end":{"line":157,"column":51}},"loc":{"start":{"line":157,"column":62},"end":{"line":165,"column":5}},"line":157},"9":{"name":"(anonymous_9)","decl":{"start":{"line":162,"column":57},"end":{"line":162,"column":58}},"loc":{"start":{"line":162,"column":69},"end":{"line":164,"column":9}},"line":162}},"branchMap":{"0":{"loc":{"start":{"line":30,"column":4},"end":{"line":32,"column":5}},"type":"if","locations":[{"start":{"line":30,"column":4},"end":{"line":32,"column":5}},{"start":{},"end":{}}],"line":30},"1":{"loc":{"start":{"line":35,"column":4},"end":{"line":37,"column":5}},"type":"if","locations":[{"start":{"line":35,"column":4},"end":{"line":37,"column":5}},{"start":{},"end":{}}],"line":35},"2":{"loc":{"start":{"line":40,"column":4},"end":{"line":42,"column":5}},"type":"if","locations":[{"start":{"line":40,"column":4},"end":{"line":42,"column":5}},{"start":{},"end":{}}],"line":40},"3":{"loc":{"start":{"line":45,"column":4},"end":{"line":49,"column":5}},"type":"if","locations":[{"start":{"line":45,"column":4},"end":{"line":49,"column":5}},{"start":{},"end":{}}],"line":45},"4":{"loc":{"start":{"line":85,"column":4},"end":{"line":90,"column":5}},"type":"if","locations":[{"start":{"line":85,"column":4},"end":{"line":90,"column":5}},{"start":{},"end":{}}],"line":85},"5":{"loc":{"start":{"line":85,"column":8},"end":{"line":86,"column":91}},"type":"binary-expr","locations":[{"start":{"line":85,"column":8},"end":{"line":85,"column":28}},{"start":{"line":85,"column":32},"end":{"line":85,"column":59}},{"start":{"line":85,"column":63},"end":{"line":85,"column":87}},{"start":{"line":86,"column":8},"end":{"line":86,"column":34}},{"start":{"line":86,"column":38},"end":{"line":86,"column":62}},{"start":{"line":86,"column":66},"end":{"line":86,"column":91}}],"line":85},"6":{"loc":{"start":{"line":93,"column":4},"end":{"line":95,"column":5}},"type":"if","locations":[{"start":{"line":93,"column":4},"end":{"line":95,"column":5}},{"start":{},"end":{}}],"line":93},"7":{"loc":{"start":{"line":107,"column":12},"end":{"line":115,"column":13}},"type":"if","locations":[{"start":{"line":107,"column":12},"end":{"line":115,"column":13}},{"start":{"line":112,"column":19},"end":{"line":115,"column":13}}],"line":107},"8":{"loc":{"start":{"line":140,"column":4},"end":{"line":154,"column":5}},"type":"if","locations":[{"start":{"line":140,"column":4},"end":{"line":154,"column":5}},{"start":{},"end":{}}],"line":140},"9":{"loc":{"start":{"line":146,"column":8},"end":{"line":151,"column":9}},"type":"if","locations":[{"start":{"line":146,"column":8},"end":{"line":151,"column":9}},{"start":{"line":149,"column":14},"end":{"line":151,"column":9}}],"line":146}},"s":{"0":6,"1":6,"2":6,"3":6,"4":5,"5":5,"6":5,"7":5,"8":15,"9":15,"10":15,"11":15,"12":1,"13":4,"14":4,"15":0,"16":4,"17":1,"18":4,"19":0,"20":4,"21":1,"22":1,"23":1,"24":3,"25":3,"26":5,"27":5,"28":5,"29":5,"30":5,"31":5,"32":5,"33":5,"34":5,"35":5,"36":5,"37":5,"38":5,"39":1,"40":1,"41":1,"42":4,"43":4,"44":1,"45":3,"46":3,"47":3,"48":3,"49":3,"50":3,"51":3,"52":3,"53":0,"54":0,"55":0,"56":0,"57":3,"58":3,"59":0,"60":0,"61":0,"62":3,"63":0,"64":0,"65":0,"66":3,"67":0,"68":0,"69":0,"70":0,"71":0,"72":0,"73":0,"74":0,"75":0,"76":0,"77":0,"78":0,"79":0,"80":6,"81":6,"82":6,"83":0},"f":{"0":6,"1":4,"2":5,"3":5,"4":3,"5":0,"6":0,"7":0,"8":6,"9":0},"b":{"0":[0,4],"1":[1,3],"2":[0,4],"3":[1,3],"4":[1,4],"5":[5,5,5,5,5,4],"6":[1,3],"7":[0,3],"8":[0,0],"9":[0,0]},"_coverageSchema":"1a1c01bbd47fc00a2c39e90264f33305004495a9","hash":"9b52ea7f75701200ad840aeada6c7188025022e2"}
,"C:\\Users\\kiirt\\Documents\\GitHub\\Task_Manager_DevOPS_P05_Kiirthanah\\public\\js\\viewTasks.js": {"path":"C:\\Users\\kiirt\\Documents\\GitHub\\Task_Manager_DevOPS_P05_Kiirthanah\\public\\js\\viewTasks.js","statementMap":{"0":{"start":{"line":2,"column":16},"end":{"line":2,"column":36}},"1":{"start":{"line":3,"column":2},"end":{"line":3,"column":48}},"2":{"start":{"line":4,"column":2},"end":{"line":4,"column":63}},"3":{"start":{"line":6,"column":2},"end":{"line":25,"column":4}},"4":{"start":{"line":7,"column":23},"end":{"line":7,"column":55}},"5":{"start":{"line":8,"column":24},"end":{"line":8,"column":26}},"6":{"start":{"line":10,"column":6},"end":{"line":10,"column":68}},"7":{"start":{"line":13,"column":6},"end":{"line":21,"column":7}},"8":{"start":{"line":14,"column":10},"end":{"line":14,"column":72}},"9":{"start":{"line":16,"column":8},"end":{"line":16,"column":54}},"10":{"start":{"line":18,"column":8},"end":{"line":20,"column":11}},"11":{"start":{"line":19,"column":10},"end":{"line":19,"column":86}},"12":{"start":{"line":24,"column":6},"end":{"line":24,"column":78}},"13":{"start":{"line":27,"column":2},"end":{"line":27,"column":17}},"14":{"start":{"line":31,"column":0},"end":{"line":31,"column":68}},"15":{"start":{"line":34,"column":19},"end":{"line":34,"column":21}},"16":{"start":{"line":35,"column":18},"end":{"line":35,"column":38}},"17":{"start":{"line":36,"column":4},"end":{"line":36,"column":45}},"18":{"start":{"line":37,"column":4},"end":{"line":37,"column":65}},"19":{"start":{"line":38,"column":4},"end":{"line":75,"column":6}},"20":{"start":{"line":39,"column":6},"end":{"line":39,"column":50}},"21":{"start":{"line":40,"column":6},"end":{"line":40,"column":31}},"22":{"start":{"line":43,"column":6},"end":{"line":45,"column":7}},"23":{"start":{"line":44,"column":8},"end":{"line":44,"column":76}},"24":{"start":{"line":44,"column":48},"end":{"line":44,"column":74}},"25":{"start":{"line":47,"column":17},"end":{"line":47,"column":19}},"26":{"start":{"line":48,"column":6},"end":{"line":69,"column":7}},"27":{"start":{"line":48,"column":19},"end":{"line":48,"column":20}},"28":{"start":{"line":49,"column":8},"end":{"line":68,"column":18}},"29":{"start":{"line":71,"column":6},"end":{"line":73,"column":7}},"30":{"start":{"line":72,"column":8},"end":{"line":72,"column":82}},"31":{"start":{"line":74,"column":6},"end":{"line":74,"column":63}},"32":{"start":{"line":76,"column":4},"end":{"line":76,"column":19}}},"fnMap":{"0":{"name":"loadCategoryDropdown","decl":{"start":{"line":1,"column":9},"end":{"line":1,"column":29}},"loc":{"start":{"line":1,"column":32},"end":{"line":28,"column":1}},"line":1},"1":{"name":"(anonymous_1)","decl":{"start":{"line":6,"column":19},"end":{"line":6,"column":20}},"loc":{"start":{"line":6,"column":31},"end":{"line":25,"column":3}},"line":6},"2":{"name":"(anonymous_2)","decl":{"start":{"line":18,"column":27},"end":{"line":18,"column":28}},"loc":{"start":{"line":18,"column":39},"end":{"line":20,"column":9}},"line":18},"3":{"name":"loadTasks","decl":{"start":{"line":33,"column":9},"end":{"line":33,"column":18}},"loc":{"start":{"line":33,"column":34},"end":{"line":77,"column":3}},"line":33},"4":{"name":"(anonymous_4)","decl":{"start":{"line":38,"column":21},"end":{"line":38,"column":22}},"loc":{"start":{"line":38,"column":33},"end":{"line":75,"column":5}},"line":38},"5":{"name":"(anonymous_5)","decl":{"start":{"line":44,"column":40},"end":{"line":44,"column":41}},"loc":{"start":{"line":44,"column":48},"end":{"line":44,"column":74}},"line":44}},"branchMap":{"0":{"loc":{"start":{"line":13,"column":6},"end":{"line":21,"column":7}},"type":"if","locations":[{"start":{"line":13,"column":6},"end":{"line":21,"column":7}},{"start":{"line":15,"column":13},"end":{"line":21,"column":7}}],"line":13},"1":{"loc":{"start":{"line":33,"column":19},"end":{"line":33,"column":32}},"type":"default-arg","locations":[{"start":{"line":33,"column":30},"end":{"line":33,"column":32}}],"line":33},"2":{"loc":{"start":{"line":43,"column":6},"end":{"line":45,"column":7}},"type":"if","locations":[{"start":{"line":43,"column":6},"end":{"line":45,"column":7}},{"start":{},"end":{}}],"line":43},"3":{"loc":{"start":{"line":71,"column":6},"end":{"line":73,"column":7}},"type":"if","locations":[{"start":{"line":71,"column":6},"end":{"line":73,"column":7}},{"start":{},"end":{}}],"line":71}},"s":{"0":6,"1":6,"2":6,"3":6,"4":6,"5":6,"6":6,"7":6,"8":0,"9":6,"10":6,"11":18,"12":6,"13":6,"14":6,"15":6,"16":6,"17":6,"18":6,"19":6,"20":5,"21":5,"22":5,"23":0,"24":0,"25":5,"26":5,"27":5,"28":25,"29":5,"30":0,"31":5,"32":6},"f":{"0":6,"1":6,"2":18,"3":6,"4":5,"5":0},"b":{"0":[0,6],"1":[6],"2":[0,5],"3":[0,5]},"_coverageSchema":"1a1c01bbd47fc00a2c39e90264f33305004495a9","hash":"6321ef915ebafe30b711c65f45f355cd4b2e0d9e"}
}
