TN:
SF:public\js\addTasks.js
FN:4,loadCategories
FNF:1
FNH:1
FNDA:6,loadCategories
DA:1,6
DA:5,6
DA:6,6
DA:8,6
DA:9,6
DA:11,6
DA:14,6
DA:15,18
DA:16,18
DA:17,18
DA:18,18
DA:21,0
LF:12
LH:11
BRF:0
BRH:0
end_of_record
TN:
SF:public\js\category.js
FN:1,addCategory
FN:8,(anonymous_1)
FN:33,viewCategories
FN:40,(anonymous_3)
FNF:4
FNH:0
FNDA:0,addCategory
FNDA:0,(anonymous_1)
FNDA:0,viewCategories
FNDA:0,(anonymous_3)
DA:2,0
DA:3,0
DA:4,0
DA:5,0
DA:6,0
DA:7,0
DA:8,0
DA:9,0
DA:10,0
DA:11,0
DA:12,0
DA:13,0
DA:14,0
DA:15,0
DA:16,0
DA:17,0
DA:18,0
DA:19,0
DA:20,0
DA:21,0
DA:22,0
DA:23,0
DA:24,0
DA:26,0
DA:27,0
DA:30,0
DA:34,0
DA:35,0
DA:37,0
DA:38,0
DA:40,0
DA:41,0
DA:42,0
DA:43,0
DA:45,0
DA:50,0
DA:53,0
LF:37
LH:0
BRDA:11,0,0,0
BRDA:11,0,1,0
BRDA:16,1,0,0
BRDA:16,1,1,0
BRDA:19,2,0,0
BRDA:19,2,1,0
BRDA:22,3,0,0
BRDA:22,3,1,0
BRF:8
BRH:0
end_of_record
TN:
SF:public\js\editTasks.js
FN:4,EditLoadCategories
FN:26,validateDateTime
FN:57,editTask
FN:72,updateTask
FN:103,(anonymous_4)
FN:123,(anonymous_5)
FN:135,deleteTask
FN:144,(anonymous_7)
FN:157,(anonymous_8)
FN:162,(anonymous_9)
FNF:10
FNH:6
FNDA:6,EditLoadCategories
FNDA:4,validateDateTime
FNDA:5,editTask
FNDA:5,updateTask
FNDA:3,(anonymous_4)
FNDA:0,(anonymous_5)
FNDA:0,deleteTask
FNDA:0,(anonymous_7)
FNDA:6,(anonymous_8)
FNDA:0,(anonymous_9)
DA:1,6
DA:5,6
DA:6,6
DA:8,6
DA:9,6
DA:11,6
DA:15,6
DA:16,18
DA:17,18
DA:18,18
DA:19,18
DA:22,0
DA:27,4
DA:30,4
DA:31,0
DA:35,4
DA:36,1
DA:40,4
DA:41,0
DA:45,4
DA:46,1
DA:47,1
DA:48,1
DA:52,3
DA:53,3
DA:58,5
DA:59,5
DA:60,5
DA:61,5
DA:62,5
DA:63,5
DA:64,5
DA:65,5
DA:67,5
DA:69,5
DA:73,5
DA:75,5
DA:85,5
DA:87,1
DA:88,1
DA:89,1
DA:92,4
DA:93,4
DA:94,1
DA:97,3
DA:99,3
DA:100,3
DA:101,3
DA:103,3
DA:104,3
DA:105,3
DA:107,3
DA:108,0
DA:109,0
DA:110,0
DA:111,0
DA:113,3
DA:114,3
DA:117,0
DA:118,0
DA:119,0
DA:123,3
DA:124,0
DA:125,0
DA:126,0
DA:129,3
DA:136,0
DA:137,0
DA:140,0
DA:141,0
DA:142,0
DA:143,0
DA:144,0
DA:145,0
DA:146,0
DA:147,0
DA:148,0
DA:150,0
DA:153,0
DA:157,6
DA:159,6
DA:162,6
DA:163,0
LF:83
LH:56
BRDA:30,0,0,0
BRDA:30,0,1,4
BRDA:35,1,0,1
BRDA:35,1,1,3
BRDA:40,2,0,0
BRDA:40,2,1,4
BRDA:45,3,0,1
BRDA:45,3,1,3
BRDA:85,4,0,1
BRDA:85,4,1,4
BRDA:85,5,0,5
BRDA:85,5,1,5
BRDA:85,5,2,5
BRDA:85,5,3,5
BRDA:85,5,4,5
BRDA:85,5,5,4
BRDA:93,6,0,1
BRDA:93,6,1,3
BRDA:107,7,0,0
BRDA:107,7,1,3
BRDA:140,8,0,0
BRDA:140,8,1,0
BRDA:146,9,0,0
BRDA:146,9,1,0
BRF:24
BRH:17
end_of_record
TN:
SF:public\js\viewTasks.js
FN:1,loadCategoryDropdown
FN:6,(anonymous_1)
FN:18,(anonymous_2)
FN:33,loadTasks
FN:38,(anonymous_4)
FN:44,(anonymous_5)
FNF:6
FNH:5
FNDA:6,loadCategoryDropdown
FNDA:6,(anonymous_1)
FNDA:18,(anonymous_2)
FNDA:6,loadTasks
FNDA:6,(anonymous_4)
FNDA:0,(anonymous_5)
DA:2,6
DA:3,6
DA:4,6
DA:6,6
DA:7,6
DA:8,6
DA:10,6
DA:13,6
DA:14,0
DA:16,6
DA:18,6
DA:19,18
DA:24,6
DA:27,6
DA:31,6
DA:34,6
DA:35,6
DA:36,6
DA:37,6
DA:38,6
DA:39,6
DA:40,6
DA:43,6
DA:44,0
DA:47,6
DA:48,6
DA:49,30
DA:71,6
DA:72,0
DA:74,6
DA:76,6
LF:31
LH:28
BRDA:13,0,0,0
BRDA:13,0,1,6
BRDA:33,1,0,6
BRDA:43,2,0,0
BRDA:43,2,1,6
BRDA:71,3,0,0
BRDA:71,3,1,6
BRF:7
BRH:4
end_of_record
